<?xml version="1.0" encoding="UTF-8"?>
<coverage generated="1737519275039" clover="3.2.0">
  <project timestamp="1737519275039" name="All files">
    <metrics statements="57" coveredstatements="57" conditionals="11" coveredconditionals="10" methods="20" coveredmethods="20" elements="88" coveredelements="87" complexity="0" loc="57" ncloc="57" packages="2" files="7" classes="7"/>
    <package name="src">
      <metrics statements="21" coveredstatements="21" conditionals="2" coveredconditionals="2" methods="7" coveredmethods="7"/>
      <file name="App.jsx" path="C:\Users\mrale\meet\src\App.jsx">
        <metrics statements="14" coveredstatements="14" conditionals="2" coveredconditionals="2" methods="4" coveredmethods="4"/>
        <line num="10" count="3" type="stmt"/>
        <line num="11" count="15" type="stmt"/>
        <line num="12" count="14" type="stmt"/>
        <line num="13" count="14" type="stmt"/>
        <line num="14" count="14" type="stmt"/>
        <line num="16" count="14" type="stmt"/>
        <line num="17" count="10" type="stmt"/>
        <line num="20" count="14" type="stmt"/>
        <line num="21" count="10" type="stmt"/>
        <line num="22" count="10" type="cond" truecount="2" falsecount="0"/>
        <line num="24" count="33" type="stmt"/>
        <line num="25" count="10" type="stmt"/>
        <line num="26" count="10" type="stmt"/>
        <line num="29" count="14" type="stmt"/>
      </file>
      <file name="api.js" path="C:\Users\mrale\meet\src\api.js">
        <metrics statements="6" coveredstatements="6" conditionals="0" coveredconditionals="0" methods="3" coveredmethods="3"/>
        <line num="12" count="4" type="stmt"/>
        <line num="13" count="429" type="stmt"/>
        <line num="14" count="13" type="stmt"/>
        <line num="15" count="13" type="stmt"/>
        <line num="23" count="4" type="stmt"/>
        <line num="24" count="15" type="stmt"/>
      </file>
      <file name="mock-data.js" path="C:\Users\mrale\meet\src\mock-data.js">
        <metrics statements="1" coveredstatements="1" conditionals="0" coveredconditionals="0" methods="0" coveredmethods="0"/>
        <line num="1" count="5" type="stmt"/>
      </file>
    </package>
    <package name="src.components">
      <metrics statements="36" coveredstatements="36" conditionals="9" coveredconditionals="8" methods="13" coveredmethods="13"/>
      <file name="CitySearch.jsx" path="C:\Users\mrale\meet\src\components\CitySearch.jsx">
        <metrics statements="20" coveredstatements="20" conditionals="4" coveredconditionals="3" methods="7" coveredmethods="7"/>
        <line num="4" count="3" type="stmt"/>
        <line num="5" count="66" type="stmt"/>
        <line num="6" count="66" type="stmt"/>
        <line num="7" count="66" type="stmt"/>
        <line num="8" count="66" type="stmt"/>
        <line num="9" count="18" type="stmt"/>
        <line num="10" count="18" type="cond" truecount="1" falsecount="1"/>
        <line num="11" count="36" type="stmt"/>
        <line num="15" count="18" type="stmt"/>
        <line num="16" count="18" type="stmt"/>
        <line num="19" count="66" type="stmt"/>
        <line num="20" count="2" type="stmt"/>
        <line num="21" count="2" type="stmt"/>
        <line num="22" count="2" type="stmt"/>
        <line num="23" count="2" type="stmt"/>
        <line num="26" count="66" type="stmt"/>
        <line num="27" count="20" type="stmt"/>
        <line num="30" count="66" type="stmt"/>
        <line num="37" count="5" type="stmt"/>
        <line num="43" count="26" type="stmt"/>
      </file>
      <file name="Event.jsx" path="C:\Users\mrale\meet\src\components\Event.jsx">
        <metrics statements="6" coveredstatements="6" conditionals="4" coveredconditionals="4" methods="2" coveredmethods="2"/>
        <line num="4" count="4" type="stmt"/>
        <line num="5" count="187" type="stmt"/>
        <line num="7" count="187" type="stmt"/>
        <line num="8" count="3" type="stmt"/>
        <line num="11" count="187" type="stmt"/>
        <line num="29" count="4" type="stmt"/>
      </file>
      <file name="EventList.jsx" path="C:\Users\mrale\meet\src\components\EventList.jsx">
        <metrics statements="3" coveredstatements="3" conditionals="1" coveredconditionals="1" methods="2" coveredmethods="2"/>
        <line num="4" count="3" type="cond" truecount="1" falsecount="0"/>
        <line num="5" count="17" type="stmt"/>
        <line num="8" count="177" type="stmt"/>
      </file>
      <file name="NumberOfEvents.jsx" path="C:\Users\mrale\meet\src\components\NumberOfEvents.jsx">
        <metrics statements="7" coveredstatements="7" conditionals="0" coveredconditionals="0" methods="2" coveredmethods="2"/>
        <line num="4" count="4" type="stmt"/>
        <line num="6" count="20" type="stmt"/>
        <line num="9" count="20" type="stmt"/>
        <line num="10" count="3" type="stmt"/>
        <line num="11" count="3" type="stmt"/>
        <line num="12" count="3" type="stmt"/>
        <line num="15" count="20" type="stmt"/>
      </file>
    </package>
  </project>
</coverage>
