<?xml version="1.0" encoding="UTF-8"?>
<coverage generated="1737345389909" clover="3.2.0">
  <project timestamp="1737345389909" name="All files">
    <metrics statements="42" coveredstatements="42" conditionals="9" coveredconditionals="8" methods="16" coveredmethods="16" elements="67" coveredelements="66" complexity="0" loc="42" ncloc="42" packages="2" files="7" classes="7"/>
    <package name="src">
      <metrics statements="9" coveredstatements="9" conditionals="0" coveredconditionals="0" methods="4" coveredmethods="4"/>
      <file name="App.jsx" path="C:\Users\mrale\meet\src\App.jsx">
        <metrics statements="2" coveredstatements="2" conditionals="0" coveredconditionals="0" methods="1" coveredmethods="1"/>
        <line num="6" count="1" type="stmt"/>
        <line num="7" count="6" type="stmt"/>
      </file>
      <file name="api.js" path="C:\Users\mrale\meet\src\api.js">
        <metrics statements="6" coveredstatements="6" conditionals="0" coveredconditionals="0" methods="3" coveredmethods="3"/>
        <line num="12" count="3" type="stmt"/>
        <line num="13" count="66" type="stmt"/>
        <line num="14" count="2" type="stmt"/>
        <line num="15" count="2" type="stmt"/>
        <line num="23" count="3" type="stmt"/>
        <line num="24" count="3" type="stmt"/>
      </file>
      <file name="mock-data.js" path="C:\Users\mrale\meet\src\mock-data.js">
        <metrics statements="1" coveredstatements="1" conditionals="0" coveredconditionals="0" methods="0" coveredmethods="0"/>
        <line num="1" count="4" type="stmt"/>
      </file>
    </package>
    <package name="src.components">
      <metrics statements="33" coveredstatements="33" conditionals="9" coveredconditionals="8" methods="12" coveredmethods="12"/>
      <file name="CitySearch.jsx" path="C:\Users\mrale\meet\src\components\CitySearch.jsx">
        <metrics statements="17" coveredstatements="17" conditionals="4" coveredconditionals="3" methods="6" coveredmethods="6"/>
        <line num="4" count="2" type="stmt"/>
        <line num="5" count="29" type="stmt"/>
        <line num="6" count="29" type="stmt"/>
        <line num="7" count="29" type="stmt"/>
        <line num="8" count="29" type="stmt"/>
        <line num="9" count="12" type="stmt"/>
        <line num="10" count="12" type="cond" truecount="1" falsecount="1"/>
        <line num="11" count="24" type="stmt"/>
        <line num="15" count="12" type="stmt"/>
        <line num="16" count="12" type="stmt"/>
        <line num="19" count="29" type="stmt"/>
        <line num="20" count="1" type="stmt"/>
        <line num="21" count="1" type="stmt"/>
        <line num="22" count="1" type="stmt"/>
        <line num="25" count="29" type="stmt"/>
        <line num="32" count="3" type="stmt"/>
        <line num="38" count="12" type="stmt"/>
      </file>
      <file name="Event.jsx" path="C:\Users\mrale\meet\src\components\Event.jsx">
        <metrics statements="6" coveredstatements="6" conditionals="4" coveredconditionals="4" methods="2" coveredmethods="2"/>
        <line num="4" count="3" type="stmt"/>
        <line num="5" count="43" type="stmt"/>
        <line num="7" count="43" type="stmt"/>
        <line num="8" count="3" type="stmt"/>
        <line num="11" count="43" type="stmt"/>
        <line num="29" count="3" type="stmt"/>
      </file>
      <file name="EventList.jsx" path="C:\Users\mrale\meet\src\components\EventList.jsx">
        <metrics statements="3" coveredstatements="3" conditionals="1" coveredconditionals="1" methods="2" coveredmethods="2"/>
        <line num="4" count="2" type="cond" truecount="1" falsecount="0"/>
        <line num="5" count="9" type="stmt"/>
        <line num="8" count="33" type="stmt"/>
      </file>
      <file name="NumberOfEvents.jsx" path="C:\Users\mrale\meet\src\components\NumberOfEvents.jsx">
        <metrics statements="7" coveredstatements="7" conditionals="0" coveredconditionals="0" methods="2" coveredmethods="2"/>
        <line num="4" count="2" type="stmt"/>
        <line num="6" count="12" type="stmt"/>
        <line num="9" count="12" type="stmt"/>
        <line num="10" count="3" type="stmt"/>
        <line num="11" count="3" type="stmt"/>
        <line num="12" count="3" type="stmt"/>
        <line num="15" count="12" type="stmt"/>
      </file>
    </package>
  </project>
</coverage>
