{"C:\\Users\\mrale\\meet\\src\\App.jsx": {"path":"C:\\Users\\mrale\\meet\\src\\App.jsx","statementMap":{"0":{"start":{"line":10,"column":12},"end":{"line":36,"column":2}},"1":{"start":{"line":11,"column":42},"end":{"line":11,"column":54}},"2":{"start":{"line":12,"column":38},"end":{"line":12,"column":50}},"3":{"start":{"line":13,"column":30},"end":{"line":13,"column":42}},"4":{"start":{"line":14,"column":40},"end":{"line":14,"column":66}},"5":{"start":{"line":16,"column":2},"end":{"line":18,"column":20}},"6":{"start":{"line":17,"column":4},"end":{"line":17,"column":16}},"7":{"start":{"line":20,"column":20},"end":{"line":27,"column":3}},"8":{"start":{"line":21,"column":22},"end":{"line":21,"column":39}},"9":{"start":{"line":22,"column":27},"end":{"line":24,"column":63}},"10":{"start":{"line":24,"column":32},"end":{"line":24,"column":62}},"11":{"start":{"line":25,"column":4},"end":{"line":25,"column":51}},"12":{"start":{"line":26,"column":4},"end":{"line":26,"column":49}},"13":{"start":{"line":29,"column":2},"end":{"line":35,"column":4}}},"fnMap":{"0":{"name":"(anonymous_0)","decl":{"start":{"line":10,"column":12},"end":{"line":10,"column":13}},"loc":{"start":{"line":10,"column":18},"end":{"line":36,"column":2}},"line":10},"1":{"name":"(anonymous_1)","decl":{"start":{"line":16,"column":12},"end":{"line":16,"column":13}},"loc":{"start":{"line":16,"column":18},"end":{"line":18,"column":3}},"line":16},"2":{"name":"(anonymous_2)","decl":{"start":{"line":20,"column":20},"end":{"line":20,"column":21}},"loc":{"start":{"line":20,"column":32},"end":{"line":27,"column":3}},"line":20},"3":{"name":"(anonymous_3)","decl":{"start":{"line":24,"column":23},"end":{"line":24,"column":24}},"loc":{"start":{"line":24,"column":32},"end":{"line":24,"column":62}},"line":24}},"branchMap":{"0":{"loc":{"start":{"line":22,"column":27},"end":{"line":24,"column":63}},"type":"cond-expr","locations":[{"start":{"line":23,"column":6},"end":{"line":23,"column":15}},{"start":{"line":24,"column":6},"end":{"line":24,"column":63}}],"line":22}},"s":{"0":3,"1":15,"2":14,"3":14,"4":14,"5":14,"6":10,"7":14,"8":10,"9":10,"10":33,"11":10,"12":10,"13":14},"f":{"0":15,"1":10,"2":10,"3":33},"b":{"0":[9,1]},"_coverageSchema":"1a1c01bbd47fc00a2c39e90264f33305004495a9","hash":"d09a7e04822d2823ac597bb01e3af5e4381d729d"}
,"C:\\Users\\mrale\\meet\\src\\api.js": {"path":"C:\\Users\\mrale\\meet\\src\\api.js","statementMap":{"0":{"start":{"line":12,"column":32},"end":{"line":16,"column":1}},"1":{"start":{"line":13,"column":29},"end":{"line":13,"column":66}},"2":{"start":{"line":13,"column":51},"end":{"line":13,"column":65}},"3":{"start":{"line":14,"column":20},"end":{"line":14,"column":52}},"4":{"start":{"line":15,"column":2},"end":{"line":15,"column":19}},"5":{"start":{"line":23,"column":25},"end":{"line":25,"column":1}},"6":{"start":{"line":24,"column":2},"end":{"line":24,"column":18}}},"fnMap":{"0":{"name":"(anonymous_0)","decl":{"start":{"line":12,"column":32},"end":{"line":12,"column":33}},"loc":{"start":{"line":12,"column":44},"end":{"line":16,"column":1}},"line":12},"1":{"name":"(anonymous_1)","decl":{"start":{"line":13,"column":40},"end":{"line":13,"column":41}},"loc":{"start":{"line":13,"column":51},"end":{"line":13,"column":65}},"line":13},"2":{"name":"(anonymous_2)","decl":{"start":{"line":23,"column":25},"end":{"line":23,"column":26}},"loc":{"start":{"line":23,"column":37},"end":{"line":25,"column":1}},"line":23}},"branchMap":{},"s":{"0":4,"1":13,"2":429,"3":13,"4":13,"5":4,"6":15},"f":{"0":13,"1":429,"2":15},"b":{},"_coverageSchema":"1a1c01bbd47fc00a2c39e90264f33305004495a9","hash":"e987b0ccafa86e2e01019132d487226f4e1f6ca2"}
,"C:\\Users\\mrale\\meet\\src\\mock-data.js": {"path":"C:\\Users\\mrale\\meet\\src\\mock-data.js","statementMap":{"0":{"start":{"line":1,"column":17},"end":{"line":1289,"column":1}}},"fnMap":{},"branchMap":{},"s":{"0":5},"f":{},"b":{},"_coverageSchema":"1a1c01bbd47fc00a2c39e90264f33305004495a9","hash":"e5972864c9b24c2d8dcf47cc651fdd899e2aa906"}
,"C:\\Users\\mrale\\meet\\src\\components\\CitySearch.jsx": {"path":"C:\\Users\\mrale\\meet\\src\\components\\CitySearch.jsx","statementMap":{"0":{"start":{"line":4,"column":19},"end":{"line":53,"column":1}},"1":{"start":{"line":5,"column":48},"end":{"line":5,"column":63}},"2":{"start":{"line":6,"column":28},"end":{"line":6,"column":40}},"3":{"start":{"line":7,"column":40},"end":{"line":7,"column":52}},"4":{"start":{"line":8,"column":29},"end":{"line":17,"column":3}},"5":{"start":{"line":9,"column":18},"end":{"line":9,"column":36}},"6":{"start":{"line":10,"column":30},"end":{"line":12,"column":11}},"7":{"start":{"line":11,"column":6},"end":{"line":11,"column":70}},"8":{"start":{"line":15,"column":4},"end":{"line":15,"column":20}},"9":{"start":{"line":16,"column":4},"end":{"line":16,"column":38}},"10":{"start":{"line":19,"column":28},"end":{"line":24,"column":3}},"11":{"start":{"line":20,"column":18},"end":{"line":20,"column":42}},"12":{"start":{"line":21,"column":4},"end":{"line":21,"column":20}},"13":{"start":{"line":22,"column":4},"end":{"line":22,"column":30}},"14":{"start":{"line":23,"column":4},"end":{"line":23,"column":26}},"15":{"start":{"line":26,"column":2},"end":{"line":28,"column":26}},"16":{"start":{"line":27,"column":4},"end":{"line":27,"column":33}},"17":{"start":{"line":30,"column":2},"end":{"line":52,"column":3}},"18":{"start":{"line":37,"column":23},"end":{"line":37,"column":47}},"19":{"start":{"line":43,"column":12},"end":{"line":43,"column":85}}},"fnMap":{"0":{"name":"(anonymous_0)","decl":{"start":{"line":4,"column":19},"end":{"line":4,"column":20}},"loc":{"start":{"line":4,"column":57},"end":{"line":53,"column":1}},"line":4},"1":{"name":"(anonymous_1)","decl":{"start":{"line":8,"column":29},"end":{"line":8,"column":30}},"loc":{"start":{"line":8,"column":40},"end":{"line":17,"column":3}},"line":8},"2":{"name":"(anonymous_2)","decl":{"start":{"line":10,"column":65},"end":{"line":10,"column":66}},"loc":{"start":{"line":10,"column":79},"end":{"line":12,"column":5}},"line":10},"3":{"name":"(anonymous_3)","decl":{"start":{"line":19,"column":28},"end":{"line":19,"column":29}},"loc":{"start":{"line":19,"column":39},"end":{"line":24,"column":3}},"line":19},"4":{"name":"(anonymous_4)","decl":{"start":{"line":26,"column":12},"end":{"line":26,"column":13}},"loc":{"start":{"line":26,"column":18},"end":{"line":28,"column":3}},"line":26},"5":{"name":"(anonymous_5)","decl":{"start":{"line":37,"column":17},"end":{"line":37,"column":18}},"loc":{"start":{"line":37,"column":23},"end":{"line":37,"column":47}},"line":37},"6":{"name":"(anonymous_6)","decl":{"start":{"line":42,"column":27},"end":{"line":42,"column":28}},"loc":{"start":{"line":42,"column":43},"end":{"line":44,"column":11}},"line":42}},"branchMap":{"0":{"loc":{"start":{"line":10,"column":30},"end":{"line":12,"column":11}},"type":"cond-expr","locations":[{"start":{"line":10,"column":45},"end":{"line":12,"column":6}},{"start":{"line":12,"column":9},"end":{"line":12,"column":11}}],"line":10},"1":{"loc":{"start":{"line":40,"column":7},"end":{"line":49,"column":14}},"type":"cond-expr","locations":[{"start":{"line":41,"column":8},"end":{"line":48,"column":13}},{"start":{"line":49,"column":10},"end":{"line":49,"column":14}}],"line":40}},"s":{"0":3,"1":66,"2":66,"3":66,"4":66,"5":18,"6":18,"7":36,"8":18,"9":18,"10":66,"11":2,"12":2,"13":2,"14":2,"15":66,"16":20,"17":66,"18":5,"19":26},"f":{"0":66,"1":18,"2":36,"3":2,"4":20,"5":5,"6":26},"b":{"0":[18,0],"1":[24,42]},"_coverageSchema":"1a1c01bbd47fc00a2c39e90264f33305004495a9","hash":"ef1918f0eb2bff7de47bd4726b40a31d1e3c0f71"}
,"C:\\Users\\mrale\\meet\\src\\components\\Event.jsx": {"path":"C:\\Users\\mrale\\meet\\src\\components\\Event.jsx","statementMap":{"0":{"start":{"line":4,"column":14},"end":{"line":26,"column":1}},"1":{"start":{"line":5,"column":40},"end":{"line":5,"column":55}},"2":{"start":{"line":7,"column":24},"end":{"line":9,"column":3}},"3":{"start":{"line":8,"column":4},"end":{"line":8,"column":33}},"4":{"start":{"line":11,"column":2},"end":{"line":25,"column":4}},"5":{"start":{"line":29,"column":0},"end":{"line":38,"column":2}}},"fnMap":{"0":{"name":"(anonymous_0)","decl":{"start":{"line":4,"column":14},"end":{"line":4,"column":15}},"loc":{"start":{"line":4,"column":29},"end":{"line":26,"column":1}},"line":4},"1":{"name":"(anonymous_1)","decl":{"start":{"line":7,"column":24},"end":{"line":7,"column":25}},"loc":{"start":{"line":7,"column":30},"end":{"line":9,"column":3}},"line":7}},"branchMap":{"0":{"loc":{"start":{"line":17,"column":9},"end":{"line":17,"column":54}},"type":"cond-expr","locations":[{"start":{"line":17,"column":23},"end":{"line":17,"column":37}},{"start":{"line":17,"column":40},"end":{"line":17,"column":54}}],"line":17},"1":{"loc":{"start":{"line":19,"column":7},"end":{"line":23,"column":7}},"type":"binary-expr","locations":[{"start":{"line":19,"column":7},"end":{"line":19,"column":18}},{"start":{"line":20,"column":8},"end":{"line":22,"column":14}}],"line":19}},"s":{"0":4,"1":187,"2":187,"3":3,"4":187,"5":4},"f":{"0":187,"1":3},"b":{"0":[2,185],"1":[187,2]},"_coverageSchema":"1a1c01bbd47fc00a2c39e90264f33305004495a9","hash":"0a934c2f0bdf2b261a8abdb4d569986803408f4a"}
,"C:\\Users\\mrale\\meet\\src\\components\\EventList.jsx": {"path":"C:\\Users\\mrale\\meet\\src\\components\\EventList.jsx","statementMap":{"0":{"start":{"line":4,"column":18},"end":{"line":14,"column":1}},"1":{"start":{"line":5,"column":2},"end":{"line":13,"column":4}},"2":{"start":{"line":8,"column":8},"end":{"line":10,"column":13}}},"fnMap":{"0":{"name":"(anonymous_0)","decl":{"start":{"line":4,"column":18},"end":{"line":4,"column":19}},"loc":{"start":{"line":4,"column":39},"end":{"line":14,"column":1}},"line":4},"1":{"name":"(anonymous_1)","decl":{"start":{"line":7,"column":18},"end":{"line":7,"column":19}},"loc":{"start":{"line":8,"column":8},"end":{"line":10,"column":13}},"line":8}},"branchMap":{"0":{"loc":{"start":{"line":4,"column":21},"end":{"line":4,"column":32}},"type":"default-arg","locations":[{"start":{"line":4,"column":30},"end":{"line":4,"column":32}}],"line":4}},"s":{"0":3,"1":17,"2":177},"f":{"0":17,"1":177},"b":{"0":[2]},"_coverageSchema":"1a1c01bbd47fc00a2c39e90264f33305004495a9","hash":"ad41128da61ef934e6bd0d42c6bac9636305dcce"}
,"C:\\Users\\mrale\\meet\\src\\components\\NumberOfEvents.jsx": {"path":"C:\\Users\\mrale\\meet\\src\\components\\NumberOfEvents.jsx","statementMap":{"0":{"start":{"line":4,"column":23},"end":{"line":26,"column":1}},"1":{"start":{"line":6,"column":30},"end":{"line":6,"column":42}},"2":{"start":{"line":9,"column":23},"end":{"line":13,"column":3}},"3":{"start":{"line":10,"column":18},"end":{"line":10,"column":32}},"4":{"start":{"line":11,"column":4},"end":{"line":11,"column":21}},"5":{"start":{"line":12,"column":4},"end":{"line":12,"column":26}},"6":{"start":{"line":15,"column":2},"end":{"line":25,"column":4}}},"fnMap":{"0":{"name":"(anonymous_0)","decl":{"start":{"line":4,"column":23},"end":{"line":4,"column":24}},"loc":{"start":{"line":4,"column":47},"end":{"line":26,"column":1}},"line":4},"1":{"name":"(anonymous_1)","decl":{"start":{"line":9,"column":23},"end":{"line":9,"column":24}},"loc":{"start":{"line":9,"column":30},"end":{"line":13,"column":3}},"line":9}},"branchMap":{},"s":{"0":4,"1":20,"2":20,"3":3,"4":3,"5":3,"6":20},"f":{"0":20,"1":3},"b":{},"_coverageSchema":"1a1c01bbd47fc00a2c39e90264f33305004495a9","hash":"333feb86e3b01140bb3285deeb9dda68b9730d16"}
}
