TN:
SF:src\App.jsx
FN:6,(anonymous_0)
FNF:1
FNH:1
FNDA:6,(anonymous_0)
DA:6,1
DA:7,6
LF:2
LH:2
BRF:0
BRH:0
end_of_record
TN:
SF:src\api.js
FN:12,(anonymous_0)
FN:13,(anonymous_1)
FN:23,(anonymous_2)
FNF:3
FNH:3
FNDA:2,(anonymous_0)
FNDA:66,(anonymous_1)
FNDA:3,(anonymous_2)
DA:12,3
DA:13,66
DA:14,2
DA:15,2
DA:23,3
DA:24,3
LF:6
LH:6
BRF:0
BRH:0
end_of_record
TN:
SF:src\mock-data.js
FNF:0
FNH:0
DA:1,4
LF:1
LH:1
BRF:0
BRH:0
end_of_record
TN:
SF:src\components\CitySearch.jsx
FN:4,(anonymous_0)
FN:8,(anonymous_1)
FN:10,(anonymous_2)
FN:19,(anonymous_3)
FN:32,(anonymous_4)
FN:37,(anonymous_5)
FNF:6
FNH:6
FNDA:29,(anonymous_0)
FNDA:12,(anonymous_1)
FNDA:24,(anonymous_2)
FNDA:1,(anonymous_3)
FNDA:3,(anonymous_4)
FNDA:12,(anonymous_5)
DA:4,2
DA:5,29
DA:6,29
DA:7,29
DA:8,29
DA:9,12
DA:10,12
DA:11,24
DA:15,12
DA:16,12
DA:19,29
DA:20,1
DA:21,1
DA:22,1
DA:25,29
DA:32,3
DA:38,12
LF:17
LH:17
BRDA:10,0,0,12
BRDA:10,0,1,0
BRDA:35,1,0,15
BRDA:35,1,1,14
BRF:4
BRH:3
end_of_record
TN:
SF:src\components\Event.jsx
FN:4,(anonymous_0)
FN:7,(anonymous_1)
FNF:2
FNH:2
FNDA:43,(anonymous_0)
FNDA:3,(anonymous_1)
DA:4,3
DA:5,43
DA:7,43
DA:8,3
DA:11,43
DA:29,3
LF:6
LH:6
BRDA:17,0,0,2
BRDA:17,0,1,41
BRDA:19,1,0,43
BRDA:19,1,1,2
BRF:4
BRH:4
end_of_record
TN:
SF:src\components\EventList.jsx
FN:4,(anonymous_0)
FN:7,(anonymous_1)
FNF:2
FNH:2
FNDA:9,(anonymous_0)
FNDA:33,(anonymous_1)
DA:4,2
DA:5,9
DA:8,33
LF:3
LH:3
BRDA:4,0,0,8
BRF:1
BRH:1
end_of_record
TN:
SF:src\components\NumberOfEvents.jsx
FN:4,(anonymous_0)
FN:9,(anonymous_1)
FNF:2
FNH:2
FNDA:12,(anonymous_0)
FNDA:3,(anonymous_1)
DA:4,2
DA:6,12
DA:9,12
DA:10,3
DA:11,3
DA:12,3
DA:15,12
LF:7
LH:7
BRF:0
BRH:0
end_of_record
