TN:
SF:src\App.jsx
FN:10,(anonymous_0)
FN:16,(anonymous_1)
FN:20,(anonymous_2)
FN:24,(anonymous_3)
FNF:4
FNH:4
FNDA:15,(anonymous_0)
FNDA:10,(anonymous_1)
FNDA:10,(anonymous_2)
FNDA:33,(anonymous_3)
DA:10,3
DA:11,15
DA:12,14
DA:13,14
DA:14,14
DA:16,14
DA:17,10
DA:20,14
DA:21,10
DA:22,10
DA:24,33
DA:25,10
DA:26,10
DA:29,14
LF:14
LH:14
BRDA:22,0,0,9
BRDA:22,0,1,1
BRF:2
BRH:2
end_of_record
TN:
SF:src\api.js
FN:12,(anonymous_0)
FN:13,(anonymous_1)
FN:23,(anonymous_2)
FNF:3
FNH:3
FNDA:13,(anonymous_0)
FNDA:429,(anonymous_1)
FNDA:15,(anonymous_2)
DA:12,4
DA:13,429
DA:14,13
DA:15,13
DA:23,4
DA:24,15
LF:6
LH:6
BRF:0
BRH:0
end_of_record
TN:
SF:src\mock-data.js
FNF:0
FNH:0
DA:1,5
LF:1
LH:1
BRF:0
BRH:0
end_of_record
TN:
SF:src\components\CitySearch.jsx
FN:4,(anonymous_0)
FN:8,(anonymous_1)
FN:10,(anonymous_2)
FN:19,(anonymous_3)
FN:26,(anonymous_4)
FN:37,(anonymous_5)
FN:42,(anonymous_6)
FNF:7
FNH:7
FNDA:66,(anonymous_0)
FNDA:18,(anonymous_1)
FNDA:36,(anonymous_2)
FNDA:2,(anonymous_3)
FNDA:20,(anonymous_4)
FNDA:5,(anonymous_5)
FNDA:26,(anonymous_6)
DA:4,3
DA:5,66
DA:6,66
DA:7,66
DA:8,66
DA:9,18
DA:10,18
DA:11,36
DA:15,18
DA:16,18
DA:19,66
DA:20,2
DA:21,2
DA:22,2
DA:23,2
DA:26,66
DA:27,20
DA:30,66
DA:37,5
DA:43,26
LF:20
LH:20
BRDA:10,0,0,18
BRDA:10,0,1,0
BRDA:40,1,0,24
BRDA:40,1,1,42
BRF:4
BRH:3
end_of_record
TN:
SF:src\components\Event.jsx
FN:4,(anonymous_0)
FN:7,(anonymous_1)
FNF:2
FNH:2
FNDA:187,(anonymous_0)
FNDA:3,(anonymous_1)
DA:4,4
DA:5,187
DA:7,187
DA:8,3
DA:11,187
DA:29,4
LF:6
LH:6
BRDA:17,0,0,2
BRDA:17,0,1,185
BRDA:19,1,0,187
BRDA:19,1,1,2
BRF:4
BRH:4
end_of_record
TN:
SF:src\components\EventList.jsx
FN:4,(anonymous_0)
FN:7,(anonymous_1)
FNF:2
FNH:2
FNDA:17,(anonymous_0)
FNDA:177,(anonymous_1)
DA:4,3
DA:5,17
DA:8,177
LF:3
LH:3
BRDA:4,0,0,2
BRF:1
BRH:1
end_of_record
TN:
SF:src\components\NumberOfEvents.jsx
FN:4,(anonymous_0)
FN:9,(anonymous_1)
FNF:2
FNH:2
FNDA:20,(anonymous_0)
FNDA:3,(anonymous_1)
DA:4,4
DA:6,20
DA:9,20
DA:10,3
DA:11,3
DA:12,3
DA:15,20
LF:7
LH:7
BRF:0
BRH:0
end_of_record
